The system is: Linux - 4.9.86 - x86_64
Compiling the C compiler identification source file "CMakeCCompilerId.c" succeeded.
Compiler: /nix/store/4r5kszyy0iirc5agfah45lvz7mnnsrb4-gcc-wrapper-7.3.0/bin/cc 
Build flags: 
Id flags:  

The output was:
0


Compilation of the C compiler identification source "CMakeCCompilerId.c" produced "a.out"

The C compiler identification is GNU, found in "/home/demo/hackaton/services-pkg/build/CMakeFiles/3.10.2/CompilerIdC/a.out"

Compiling the CXX compiler identification source file "CMakeCXXCompilerId.cpp" succeeded.
Compiler: /nix/store/4r5kszyy0iirc5agfah45lvz7mnnsrb4-gcc-wrapper-7.3.0/bin/c++ 
Build flags: 
Id flags:  

The output was:
0


Compilation of the CXX compiler identification source "CMakeCXXCompilerId.cpp" produced "a.out"

The CXX compiler identification is GNU, found in "/home/demo/hackaton/services-pkg/build/CMakeFiles/3.10.2/CompilerIdCXX/a.out"

Determining if the C compiler works passed with the following output:
Change Dir: /home/demo/hackaton/services-pkg/build/CMakeFiles/CMakeTmp

Run Build Command:"/home/demo/.nix-profile/bin/make" "cmTC_18818/fast"
/home/demo/.nix-profile/bin/make -f CMakeFiles/cmTC_18818.dir/build.make CMakeFiles/cmTC_18818.dir/build
make[1]: Entering directory '/home/demo/hackaton/services-pkg/build/CMakeFiles/CMakeTmp'
Building C object CMakeFiles/cmTC_18818.dir/testCCompiler.c.o
/nix/store/4r5kszyy0iirc5agfah45lvz7mnnsrb4-gcc-wrapper-7.3.0/bin/cc    -o CMakeFiles/cmTC_18818.dir/testCCompiler.c.o   -c /home/demo/hackaton/services-pkg/build/CMakeFiles/CMakeTmp/testCCompiler.c
Linking C executable cmTC_18818
/nix/store/pw831glmj7p4n8kkdvrcbmfxks5gwndp-cmake-3.10.2/bin/cmake -E cmake_link_script CMakeFiles/cmTC_18818.dir/link.txt --verbose=1
/nix/store/4r5kszyy0iirc5agfah45lvz7mnnsrb4-gcc-wrapper-7.3.0/bin/cc      -rdynamic CMakeFiles/cmTC_18818.dir/testCCompiler.c.o  -o cmTC_18818 
make[1]: Leaving directory '/home/demo/hackaton/services-pkg/build/CMakeFiles/CMakeTmp'


Detecting C compiler ABI info compiled with the following output:
Change Dir: /home/demo/hackaton/services-pkg/build/CMakeFiles/CMakeTmp

Run Build Command:"/home/demo/.nix-profile/bin/make" "cmTC_39778/fast"
/home/demo/.nix-profile/bin/make -f CMakeFiles/cmTC_39778.dir/build.make CMakeFiles/cmTC_39778.dir/build
make[1]: Entering directory '/home/demo/hackaton/services-pkg/build/CMakeFiles/CMakeTmp'
Building C object CMakeFiles/cmTC_39778.dir/CMakeCCompilerABI.c.o
/nix/store/4r5kszyy0iirc5agfah45lvz7mnnsrb4-gcc-wrapper-7.3.0/bin/cc    -o CMakeFiles/cmTC_39778.dir/CMakeCCompilerABI.c.o   -c /nix/store/pw831glmj7p4n8kkdvrcbmfxks5gwndp-cmake-3.10.2/share/cmake-3.10/Modules/CMakeCCompilerABI.c
Linking C executable cmTC_39778
/nix/store/pw831glmj7p4n8kkdvrcbmfxks5gwndp-cmake-3.10.2/bin/cmake -E cmake_link_script CMakeFiles/cmTC_39778.dir/link.txt --verbose=1
/nix/store/4r5kszyy0iirc5agfah45lvz7mnnsrb4-gcc-wrapper-7.3.0/bin/cc     -v -rdynamic CMakeFiles/cmTC_39778.dir/CMakeCCompilerABI.c.o  -o cmTC_39778 
Using built-in specs.
COLLECT_GCC=/nix/store/cm5znbhvylrh702hhsy9hnad7wk3v7xv-gcc-7.3.0/bin/gcc
COLLECT_LTO_WRAPPER=/nix/store/cm5znbhvylrh702hhsy9hnad7wk3v7xv-gcc-7.3.0/libexec/gcc/x86_64-unknown-linux-gnu/7.3.0/lto-wrapper
Target: x86_64-unknown-linux-gnu
Configured with: 
Thread model: posix
gcc version 7.3.0 (GCC) 
COMPILER_PATH=/nix/store/qc84dvliy1dzpidw10yvpi3di5f0q4vj-gcc-7.3.0-lib/lib/:/nix/store/84h2zni7h805k0i1ys2bba3dsp1cqnhh-glibc-2.26-131/lib/:/nix/store/4r5kszyy0iirc5agfah45lvz7mnnsrb4-gcc-wrapper-7.3.0/bin/:/nix/store/cm5znbhvylrh702hhsy9hnad7wk3v7xv-gcc-7.3.0/libexec/gcc/x86_64-unknown-linux-gnu/7.3.0/:/nix/store/cm5znbhvylrh702hhsy9hnad7wk3v7xv-gcc-7.3.0/libexec/gcc/x86_64-unknown-linux-gnu/7.3.0/:/nix/store/cm5znbhvylrh702hhsy9hnad7wk3v7xv-gcc-7.3.0/libexec/gcc/x86_64-unknown-linux-gnu/:/nix/store/cm5znbhvylrh702hhsy9hnad7wk3v7xv-gcc-7.3.0/lib/gcc/x86_64-unknown-linux-gnu/7.3.0/:/nix/store/cm5znbhvylrh702hhsy9hnad7wk3v7xv-gcc-7.3.0/lib/gcc/x86_64-unknown-linux-gnu/
LIBRARY_PATH=/nix/store/qc84dvliy1dzpidw10yvpi3di5f0q4vj-gcc-7.3.0-lib/lib/:/nix/store/84h2zni7h805k0i1ys2bba3dsp1cqnhh-glibc-2.26-131/lib/:/nix/store/4r5kszyy0iirc5agfah45lvz7mnnsrb4-gcc-wrapper-7.3.0/bin/:/nix/store/cm5znbhvylrh702hhsy9hnad7wk3v7xv-gcc-7.3.0/lib/gcc/x86_64-unknown-linux-gnu/7.3.0/:/nix/store/cm5znbhvylrh702hhsy9hnad7wk3v7xv-gcc-7.3.0/lib/gcc/x86_64-unknown-linux-gnu/7.3.0/../../../../lib64/:/nix/store/cm5znbhvylrh702hhsy9hnad7wk3v7xv-gcc-7.3.0/lib/gcc/x86_64-unknown-linux-gnu/7.3.0/../../../
COLLECT_GCC_OPTIONS='-v' '-rdynamic' '-o' 'cmTC_39778' '-B' '/nix/store/qc84dvliy1dzpidw10yvpi3di5f0q4vj-gcc-7.3.0-lib/lib' '-B' '/nix/store/84h2zni7h805k0i1ys2bba3dsp1cqnhh-glibc-2.26-131/lib/' '-idirafter' '/nix/store/fn2x7v3bs305xl55ynj698mjc0yfn1lh-glibc-2.26-131-dev/include' '-idirafter' '/nix/store/cm5znbhvylrh702hhsy9hnad7wk3v7xv-gcc-7.3.0/lib/gcc/x86_64-unknown-linux-gnu/7.3.0/include-fixed' '-B' '/nix/store/4r5kszyy0iirc5agfah45lvz7mnnsrb4-gcc-wrapper-7.3.0/bin/' '-O2' '-D' '_FORTIFY_SOURCE=2' '-fstack-protector-strong' '--param' 'ssp-buffer-size=4' '-fPIC' '-fno-strict-overflow' '-Wformat=1' '-Wformat-security' '-Werror=format-security' '-L/nix/store/84h2zni7h805k0i1ys2bba3dsp1cqnhh-glibc-2.26-131/lib' '-L/nix/store/qc84dvliy1dzpidw10yvpi3di5f0q4vj-gcc-7.3.0-lib/lib' '-mtune=generic' '-march=x86-64'
 /nix/store/cm5znbhvylrh702hhsy9hnad7wk3v7xv-gcc-7.3.0/libexec/gcc/x86_64-unknown-linux-gnu/7.3.0/collect2 -plugin /nix/store/cm5znbhvylrh702hhsy9hnad7wk3v7xv-gcc-7.3.0/libexec/gcc/x86_64-unknown-linux-gnu/7.3.0/liblto_plugin.so -plugin-opt=/nix/store/cm5znbhvylrh702hhsy9hnad7wk3v7xv-gcc-7.3.0/libexec/gcc/x86_64-unknown-linux-gnu/7.3.0/lto-wrapper -plugin-opt=-fresolution=/tmp/ccdIn0De.res -plugin-opt=-pass-through=-lgcc -plugin-opt=-pass-through=-lgcc_s -plugin-opt=-pass-through=-lc -plugin-opt=-pass-through=-lgcc -plugin-opt=-pass-through=-lgcc_s --eh-frame-hdr -m elf_x86_64 -export-dynamic -dynamic-linker /nix/store/84h2zni7h805k0i1ys2bba3dsp1cqnhh-glibc-2.26-131/lib64/ld-linux-x86-64.so.2 -o cmTC_39778 /nix/store/84h2zni7h805k0i1ys2bba3dsp1cqnhh-glibc-2.26-131/lib/crt1.o /nix/store/84h2zni7h805k0i1ys2bba3dsp1cqnhh-glibc-2.26-131/lib/crti.o /nix/store/cm5znbhvylrh702hhsy9hnad7wk3v7xv-gcc-7.3.0/lib/gcc/x86_64-unknown-linux-gnu/7.3.0/crtbegin.o -L/nix/store/84h2zni7h805k0i1ys2bba3dsp1cqnhh-glibc-2.26-131/lib -L/nix/store/qc84dvliy1dzpidw10yvpi3di5f0q4vj-gcc-7.3.0-lib/lib -L/nix/store/qc84dvliy1dzpidw10yvpi3di5f0q4vj-gcc-7.3.0-lib/lib -L/nix/store/84h2zni7h805k0i1ys2bba3dsp1cqnhh-glibc-2.26-131/lib -L/nix/store/4r5kszyy0iirc5agfah45lvz7mnnsrb4-gcc-wrapper-7.3.0/bin -L/nix/store/cm5znbhvylrh702hhsy9hnad7wk3v7xv-gcc-7.3.0/lib/gcc/x86_64-unknown-linux-gnu/7.3.0 -L/nix/store/cm5znbhvylrh702hhsy9hnad7wk3v7xv-gcc-7.3.0/lib/gcc/x86_64-unknown-linux-gnu/7.3.0/../../../../lib64 -L/nix/store/cm5znbhvylrh702hhsy9hnad7wk3v7xv-gcc-7.3.0/lib/gcc/x86_64-unknown-linux-gnu/7.3.0/../../.. -dynamic-linker /nix/store/84h2zni7h805k0i1ys2bba3dsp1cqnhh-glibc-2.26-131/lib/ld-linux-x86-64.so.2 CMakeFiles/cmTC_39778.dir/CMakeCCompilerABI.c.o -lgcc --as-needed -lgcc_s --no-as-needed -lc -lgcc --as-needed -lgcc_s --no-as-needed /nix/store/cm5znbhvylrh702hhsy9hnad7wk3v7xv-gcc-7.3.0/lib/gcc/x86_64-unknown-linux-gnu/7.3.0/crtend.o /nix/store/84h2zni7h805k0i1ys2bba3dsp1cqnhh-glibc-2.26-131/lib/crtn.o
COLLECT_GCC_OPTIONS='-v' '-rdynamic' '-o' 'cmTC_39778' '-B' '/nix/store/qc84dvliy1dzpidw10yvpi3di5f0q4vj-gcc-7.3.0-lib/lib' '-B' '/nix/store/84h2zni7h805k0i1ys2bba3dsp1cqnhh-glibc-2.26-131/lib/' '-idirafter' '/nix/store/fn2x7v3bs305xl55ynj698mjc0yfn1lh-glibc-2.26-131-dev/include' '-idirafter' '/nix/store/cm5znbhvylrh702hhsy9hnad7wk3v7xv-gcc-7.3.0/lib/gcc/x86_64-unknown-linux-gnu/7.3.0/include-fixed' '-B' '/nix/store/4r5kszyy0iirc5agfah45lvz7mnnsrb4-gcc-wrapper-7.3.0/bin/' '-O2' '-D' '_FORTIFY_SOURCE=2' '-fstack-protector-strong' '--param' 'ssp-buffer-size=4' '-fPIC' '-fno-strict-overflow' '-Wformat=1' '-Wformat-security' '-Werror=format-security' '-L/nix/store/84h2zni7h805k0i1ys2bba3dsp1cqnhh-glibc-2.26-131/lib' '-L/nix/store/qc84dvliy1dzpidw10yvpi3di5f0q4vj-gcc-7.3.0-lib/lib' '-mtune=generic' '-march=x86-64'
make[1]: Leaving directory '/home/demo/hackaton/services-pkg/build/CMakeFiles/CMakeTmp'


Parsed C implicit link information from above output:
  link line regex: [^( *|.*[/\])(ld|CMAKE_LINK_STARTFILE-NOTFOUND|([^/\]+-)?ld|collect2)[^/\]*( |$)]
  ignore line: [Change Dir: /home/demo/hackaton/services-pkg/build/CMakeFiles/CMakeTmp]
  ignore line: []
  ignore line: [Run Build Command:"/home/demo/.nix-profile/bin/make" "cmTC_39778/fast"]
  ignore line: [/home/demo/.nix-profile/bin/make -f CMakeFiles/cmTC_39778.dir/build.make CMakeFiles/cmTC_39778.dir/build]
  ignore line: [make[1]: Entering directory '/home/demo/hackaton/services-pkg/build/CMakeFiles/CMakeTmp']
  ignore line: [Building C object CMakeFiles/cmTC_39778.dir/CMakeCCompilerABI.c.o]
  ignore line: [/nix/store/4r5kszyy0iirc5agfah45lvz7mnnsrb4-gcc-wrapper-7.3.0/bin/cc    -o CMakeFiles/cmTC_39778.dir/CMakeCCompilerABI.c.o   -c /nix/store/pw831glmj7p4n8kkdvrcbmfxks5gwndp-cmake-3.10.2/share/cmake-3.10/Modules/CMakeCCompilerABI.c]
  ignore line: [Linking C executable cmTC_39778]
  ignore line: [/nix/store/pw831glmj7p4n8kkdvrcbmfxks5gwndp-cmake-3.10.2/bin/cmake -E cmake_link_script CMakeFiles/cmTC_39778.dir/link.txt --verbose=1]
  ignore line: [/nix/store/4r5kszyy0iirc5agfah45lvz7mnnsrb4-gcc-wrapper-7.3.0/bin/cc     -v -rdynamic CMakeFiles/cmTC_39778.dir/CMakeCCompilerABI.c.o  -o cmTC_39778 ]
  ignore line: [Using built-in specs.]
  ignore line: [COLLECT_GCC=/nix/store/cm5znbhvylrh702hhsy9hnad7wk3v7xv-gcc-7.3.0/bin/gcc]
  ignore line: [COLLECT_LTO_WRAPPER=/nix/store/cm5znbhvylrh702hhsy9hnad7wk3v7xv-gcc-7.3.0/libexec/gcc/x86_64-unknown-linux-gnu/7.3.0/lto-wrapper]
  ignore line: [Target: x86_64-unknown-linux-gnu]
  ignore line: [Configured with: ]
  ignore line: [Thread model: posix]
  ignore line: [gcc version 7.3.0 (GCC) ]
  ignore line: [COMPILER_PATH=/nix/store/qc84dvliy1dzpidw10yvpi3di5f0q4vj-gcc-7.3.0-lib/lib/:/nix/store/84h2zni7h805k0i1ys2bba3dsp1cqnhh-glibc-2.26-131/lib/:/nix/store/4r5kszyy0iirc5agfah45lvz7mnnsrb4-gcc-wrapper-7.3.0/bin/:/nix/store/cm5znbhvylrh702hhsy9hnad7wk3v7xv-gcc-7.3.0/libexec/gcc/x86_64-unknown-linux-gnu/7.3.0/:/nix/store/cm5znbhvylrh702hhsy9hnad7wk3v7xv-gcc-7.3.0/libexec/gcc/x86_64-unknown-linux-gnu/7.3.0/:/nix/store/cm5znbhvylrh702hhsy9hnad7wk3v7xv-gcc-7.3.0/libexec/gcc/x86_64-unknown-linux-gnu/:/nix/store/cm5znbhvylrh702hhsy9hnad7wk3v7xv-gcc-7.3.0/lib/gcc/x86_64-unknown-linux-gnu/7.3.0/:/nix/store/cm5znbhvylrh702hhsy9hnad7wk3v7xv-gcc-7.3.0/lib/gcc/x86_64-unknown-linux-gnu/]
  ignore line: [LIBRARY_PATH=/nix/store/qc84dvliy1dzpidw10yvpi3di5f0q4vj-gcc-7.3.0-lib/lib/:/nix/store/84h2zni7h805k0i1ys2bba3dsp1cqnhh-glibc-2.26-131/lib/:/nix/store/4r5kszyy0iirc5agfah45lvz7mnnsrb4-gcc-wrapper-7.3.0/bin/:/nix/store/cm5znbhvylrh702hhsy9hnad7wk3v7xv-gcc-7.3.0/lib/gcc/x86_64-unknown-linux-gnu/7.3.0/:/nix/store/cm5znbhvylrh702hhsy9hnad7wk3v7xv-gcc-7.3.0/lib/gcc/x86_64-unknown-linux-gnu/7.3.0/../../../../lib64/:/nix/store/cm5znbhvylrh702hhsy9hnad7wk3v7xv-gcc-7.3.0/lib/gcc/x86_64-unknown-linux-gnu/7.3.0/../../../]
  ignore line: [COLLECT_GCC_OPTIONS='-v' '-rdynamic' '-o' 'cmTC_39778' '-B' '/nix/store/qc84dvliy1dzpidw10yvpi3di5f0q4vj-gcc-7.3.0-lib/lib' '-B' '/nix/store/84h2zni7h805k0i1ys2bba3dsp1cqnhh-glibc-2.26-131/lib/' '-idirafter' '/nix/store/fn2x7v3bs305xl55ynj698mjc0yfn1lh-glibc-2.26-131-dev/include' '-idirafter' '/nix/store/cm5znbhvylrh702hhsy9hnad7wk3v7xv-gcc-7.3.0/lib/gcc/x86_64-unknown-linux-gnu/7.3.0/include-fixed' '-B' '/nix/store/4r5kszyy0iirc5agfah45lvz7mnnsrb4-gcc-wrapper-7.3.0/bin/' '-O2' '-D' '_FORTIFY_SOURCE=2' '-fstack-protector-strong' '--param' 'ssp-buffer-size=4' '-fPIC' '-fno-strict-overflow' '-Wformat=1' '-Wformat-security' '-Werror=format-security' '-L/nix/store/84h2zni7h805k0i1ys2bba3dsp1cqnhh-glibc-2.26-131/lib' '-L/nix/store/qc84dvliy1dzpidw10yvpi3di5f0q4vj-gcc-7.3.0-lib/lib' '-mtune=generic' '-march=x86-64']
  link line: [ /nix/store/cm5znbhvylrh702hhsy9hnad7wk3v7xv-gcc-7.3.0/libexec/gcc/x86_64-unknown-linux-gnu/7.3.0/collect2 -plugin /nix/store/cm5znbhvylrh702hhsy9hnad7wk3v7xv-gcc-7.3.0/libexec/gcc/x86_64-unknown-linux-gnu/7.3.0/liblto_plugin.so -plugin-opt=/nix/store/cm5znbhvylrh702hhsy9hnad7wk3v7xv-gcc-7.3.0/libexec/gcc/x86_64-unknown-linux-gnu/7.3.0/lto-wrapper -plugin-opt=-fresolution=/tmp/ccdIn0De.res -plugin-opt=-pass-through=-lgcc -plugin-opt=-pass-through=-lgcc_s -plugin-opt=-pass-through=-lc -plugin-opt=-pass-through=-lgcc -plugin-opt=-pass-through=-lgcc_s --eh-frame-hdr -m elf_x86_64 -export-dynamic -dynamic-linker /nix/store/84h2zni7h805k0i1ys2bba3dsp1cqnhh-glibc-2.26-131/lib64/ld-linux-x86-64.so.2 -o cmTC_39778 /nix/store/84h2zni7h805k0i1ys2bba3dsp1cqnhh-glibc-2.26-131/lib/crt1.o /nix/store/84h2zni7h805k0i1ys2bba3dsp1cqnhh-glibc-2.26-131/lib/crti.o /nix/store/cm5znbhvylrh702hhsy9hnad7wk3v7xv-gcc-7.3.0/lib/gcc/x86_64-unknown-linux-gnu/7.3.0/crtbegin.o -L/nix/store/84h2zni7h805k0i1ys2bba3dsp1cqnhh-glibc-2.26-131/lib -L/nix/store/qc84dvliy1dzpidw10yvpi3di5f0q4vj-gcc-7.3.0-lib/lib -L/nix/store/qc84dvliy1dzpidw10yvpi3di5f0q4vj-gcc-7.3.0-lib/lib -L/nix/store/84h2zni7h805k0i1ys2bba3dsp1cqnhh-glibc-2.26-131/lib -L/nix/store/4r5kszyy0iirc5agfah45lvz7mnnsrb4-gcc-wrapper-7.3.0/bin -L/nix/store/cm5znbhvylrh702hhsy9hnad7wk3v7xv-gcc-7.3.0/lib/gcc/x86_64-unknown-linux-gnu/7.3.0 -L/nix/store/cm5znbhvylrh702hhsy9hnad7wk3v7xv-gcc-7.3.0/lib/gcc/x86_64-unknown-linux-gnu/7.3.0/../../../../lib64 -L/nix/store/cm5znbhvylrh702hhsy9hnad7wk3v7xv-gcc-7.3.0/lib/gcc/x86_64-unknown-linux-gnu/7.3.0/../../.. -dynamic-linker /nix/store/84h2zni7h805k0i1ys2bba3dsp1cqnhh-glibc-2.26-131/lib/ld-linux-x86-64.so.2 CMakeFiles/cmTC_39778.dir/CMakeCCompilerABI.c.o -lgcc --as-needed -lgcc_s --no-as-needed -lc -lgcc --as-needed -lgcc_s --no-as-needed /nix/store/cm5znbhvylrh702hhsy9hnad7wk3v7xv-gcc-7.3.0/lib/gcc/x86_64-unknown-linux-gnu/7.3.0/crtend.o /nix/store/84h2zni7h805k0i1ys2bba3dsp1cqnhh-glibc-2.26-131/lib/crtn.o]
    arg [/nix/store/cm5znbhvylrh702hhsy9hnad7wk3v7xv-gcc-7.3.0/libexec/gcc/x86_64-unknown-linux-gnu/7.3.0/collect2] ==> ignore
    arg [-plugin] ==> ignore
    arg [/nix/store/cm5znbhvylrh702hhsy9hnad7wk3v7xv-gcc-7.3.0/libexec/gcc/x86_64-unknown-linux-gnu/7.3.0/liblto_plugin.so] ==> ignore
    arg [-plugin-opt=/nix/store/cm5znbhvylrh702hhsy9hnad7wk3v7xv-gcc-7.3.0/libexec/gcc/x86_64-unknown-linux-gnu/7.3.0/lto-wrapper] ==> ignore
    arg [-plugin-opt=-fresolution=/tmp/ccdIn0De.res] ==> ignore
    arg [-plugin-opt=-pass-through=-lgcc] ==> ignore
    arg [-plugin-opt=-pass-through=-lgcc_s] ==> ignore
    arg [-plugin-opt=-pass-through=-lc] ==> ignore
    arg [-plugin-opt=-pass-through=-lgcc] ==> ignore
    arg [-plugin-opt=-pass-through=-lgcc_s] ==> ignore
    arg [--eh-frame-hdr] ==> ignore
    arg [-m] ==> ignore
    arg [elf_x86_64] ==> ignore
    arg [-export-dynamic] ==> ignore
    arg [-dynamic-linker] ==> ignore
    arg [/nix/store/84h2zni7h805k0i1ys2bba3dsp1cqnhh-glibc-2.26-131/lib64/ld-linux-x86-64.so.2] ==> ignore
    arg [-o] ==> ignore
    arg [cmTC_39778] ==> ignore
    arg [/nix/store/84h2zni7h805k0i1ys2bba3dsp1cqnhh-glibc-2.26-131/lib/crt1.o] ==> ignore
    arg [/nix/store/84h2zni7h805k0i1ys2bba3dsp1cqnhh-glibc-2.26-131/lib/crti.o] ==> ignore
    arg [/nix/store/cm5znbhvylrh702hhsy9hnad7wk3v7xv-gcc-7.3.0/lib/gcc/x86_64-unknown-linux-gnu/7.3.0/crtbegin.o] ==> ignore
    arg [-L/nix/store/84h2zni7h805k0i1ys2bba3dsp1cqnhh-glibc-2.26-131/lib] ==> dir [/nix/store/84h2zni7h805k0i1ys2bba3dsp1cqnhh-glibc-2.26-131/lib]
    arg [-L/nix/store/qc84dvliy1dzpidw10yvpi3di5f0q4vj-gcc-7.3.0-lib/lib] ==> dir [/nix/store/qc84dvliy1dzpidw10yvpi3di5f0q4vj-gcc-7.3.0-lib/lib]
    arg [-L/nix/store/qc84dvliy1dzpidw10yvpi3di5f0q4vj-gcc-7.3.0-lib/lib] ==> dir [/nix/store/qc84dvliy1dzpidw10yvpi3di5f0q4vj-gcc-7.3.0-lib/lib]
    arg [-L/nix/store/84h2zni7h805k0i1ys2bba3dsp1cqnhh-glibc-2.26-131/lib] ==> dir [/nix/store/84h2zni7h805k0i1ys2bba3dsp1cqnhh-glibc-2.26-131/lib]
    arg [-L/nix/store/4r5kszyy0iirc5agfah45lvz7mnnsrb4-gcc-wrapper-7.3.0/bin] ==> dir [/nix/store/4r5kszyy0iirc5agfah45lvz7mnnsrb4-gcc-wrapper-7.3.0/bin]
    arg [-L/nix/store/cm5znbhvylrh702hhsy9hnad7wk3v7xv-gcc-7.3.0/lib/gcc/x86_64-unknown-linux-gnu/7.3.0] ==> dir [/nix/store/cm5znbhvylrh702hhsy9hnad7wk3v7xv-gcc-7.3.0/lib/gcc/x86_64-unknown-linux-gnu/7.3.0]
    arg [-L/nix/store/cm5znbhvylrh702hhsy9hnad7wk3v7xv-gcc-7.3.0/lib/gcc/x86_64-unknown-linux-gnu/7.3.0/../../../../lib64] ==> dir [/nix/store/cm5znbhvylrh702hhsy9hnad7wk3v7xv-gcc-7.3.0/lib/gcc/x86_64-unknown-linux-gnu/7.3.0/../../../../lib64]
    arg [-L/nix/store/cm5znbhvylrh702hhsy9hnad7wk3v7xv-gcc-7.3.0/lib/gcc/x86_64-unknown-linux-gnu/7.3.0/../../..] ==> dir [/nix/store/cm5znbhvylrh702hhsy9hnad7wk3v7xv-gcc-7.3.0/lib/gcc/x86_64-unknown-linux-gnu/7.3.0/../../..]
    arg [-dynamic-linker] ==> ignore
    arg [/nix/store/84h2zni7h805k0i1ys2bba3dsp1cqnhh-glibc-2.26-131/lib/ld-linux-x86-64.so.2] ==> ignore
    arg [CMakeFiles/cmTC_39778.dir/CMakeCCompilerABI.c.o] ==> ignore
    arg [-lgcc] ==> lib [gcc]
    arg [--as-needed] ==> ignore
    arg [-lgcc_s] ==> lib [gcc_s]
    arg [--no-as-needed] ==> ignore
    arg [-lc] ==> lib [c]
    arg [-lgcc] ==> lib [gcc]
    arg [--as-needed] ==> ignore
    arg [-lgcc_s] ==> lib [gcc_s]
    arg [--no-as-needed] ==> ignore
    arg [/nix/store/cm5znbhvylrh702hhsy9hnad7wk3v7xv-gcc-7.3.0/lib/gcc/x86_64-unknown-linux-gnu/7.3.0/crtend.o] ==> ignore
    arg [/nix/store/84h2zni7h805k0i1ys2bba3dsp1cqnhh-glibc-2.26-131/lib/crtn.o] ==> ignore
  collapse library dir [/nix/store/84h2zni7h805k0i1ys2bba3dsp1cqnhh-glibc-2.26-131/lib] ==> [/nix/store/84h2zni7h805k0i1ys2bba3dsp1cqnhh-glibc-2.26-131/lib]
  collapse library dir [/nix/store/qc84dvliy1dzpidw10yvpi3di5f0q4vj-gcc-7.3.0-lib/lib] ==> [/nix/store/qc84dvliy1dzpidw10yvpi3di5f0q4vj-gcc-7.3.0-lib/lib]
  collapse library dir [/nix/store/qc84dvliy1dzpidw10yvpi3di5f0q4vj-gcc-7.3.0-lib/lib] ==> [/nix/store/qc84dvliy1dzpidw10yvpi3di5f0q4vj-gcc-7.3.0-lib/lib]
  collapse library dir [/nix/store/84h2zni7h805k0i1ys2bba3dsp1cqnhh-glibc-2.26-131/lib] ==> [/nix/store/84h2zni7h805k0i1ys2bba3dsp1cqnhh-glibc-2.26-131/lib]
  collapse library dir [/nix/store/4r5kszyy0iirc5agfah45lvz7mnnsrb4-gcc-wrapper-7.3.0/bin] ==> [/nix/store/4r5kszyy0iirc5agfah45lvz7mnnsrb4-gcc-wrapper-7.3.0/bin]
  collapse library dir [/nix/store/cm5znbhvylrh702hhsy9hnad7wk3v7xv-gcc-7.3.0/lib/gcc/x86_64-unknown-linux-gnu/7.3.0] ==> [/nix/store/cm5znbhvylrh702hhsy9hnad7wk3v7xv-gcc-7.3.0/lib/gcc/x86_64-unknown-linux-gnu/7.3.0]
  collapse library dir [/nix/store/cm5znbhvylrh702hhsy9hnad7wk3v7xv-gcc-7.3.0/lib/gcc/x86_64-unknown-linux-gnu/7.3.0/../../../../lib64] ==> [/nix/store/cm5znbhvylrh702hhsy9hnad7wk3v7xv-gcc-7.3.0/lib64]
  collapse library dir [/nix/store/cm5znbhvylrh702hhsy9hnad7wk3v7xv-gcc-7.3.0/lib/gcc/x86_64-unknown-linux-gnu/7.3.0/../../..] ==> [/nix/store/cm5znbhvylrh702hhsy9hnad7wk3v7xv-gcc-7.3.0/lib]
  implicit libs: [gcc;gcc_s;c;gcc;gcc_s]
  implicit dirs: [/nix/store/84h2zni7h805k0i1ys2bba3dsp1cqnhh-glibc-2.26-131/lib;/nix/store/qc84dvliy1dzpidw10yvpi3di5f0q4vj-gcc-7.3.0-lib/lib;/nix/store/4r5kszyy0iirc5agfah45lvz7mnnsrb4-gcc-wrapper-7.3.0/bin;/nix/store/cm5znbhvylrh702hhsy9hnad7wk3v7xv-gcc-7.3.0/lib/gcc/x86_64-unknown-linux-gnu/7.3.0;/nix/store/cm5znbhvylrh702hhsy9hnad7wk3v7xv-gcc-7.3.0/lib64;/nix/store/cm5znbhvylrh702hhsy9hnad7wk3v7xv-gcc-7.3.0/lib]
  implicit fwks: []




Detecting C [-std=c11] compiler features compiled with the following output:
Change Dir: /home/demo/hackaton/services-pkg/build/CMakeFiles/CMakeTmp

Run Build Command:"/home/demo/.nix-profile/bin/make" "cmTC_54fb5/fast"
/home/demo/.nix-profile/bin/make -f CMakeFiles/cmTC_54fb5.dir/build.make CMakeFiles/cmTC_54fb5.dir/build
make[1]: Entering directory '/home/demo/hackaton/services-pkg/build/CMakeFiles/CMakeTmp'
Building C object CMakeFiles/cmTC_54fb5.dir/feature_tests.c.o
/nix/store/4r5kszyy0iirc5agfah45lvz7mnnsrb4-gcc-wrapper-7.3.0/bin/cc   -std=c11 -o CMakeFiles/cmTC_54fb5.dir/feature_tests.c.o   -c /home/demo/hackaton/services-pkg/build/CMakeFiles/feature_tests.c
Linking C executable cmTC_54fb5
/nix/store/pw831glmj7p4n8kkdvrcbmfxks5gwndp-cmake-3.10.2/bin/cmake -E cmake_link_script CMakeFiles/cmTC_54fb5.dir/link.txt --verbose=1
/nix/store/4r5kszyy0iirc5agfah45lvz7mnnsrb4-gcc-wrapper-7.3.0/bin/cc      -rdynamic CMakeFiles/cmTC_54fb5.dir/feature_tests.c.o  -o cmTC_54fb5 
make[1]: Leaving directory '/home/demo/hackaton/services-pkg/build/CMakeFiles/CMakeTmp'


    Feature record: C_FEATURE:1c_function_prototypes
    Feature record: C_FEATURE:1c_restrict
    Feature record: C_FEATURE:1c_static_assert
    Feature record: C_FEATURE:1c_variadic_macros


Detecting C [-std=c99] compiler features compiled with the following output:
Change Dir: /home/demo/hackaton/services-pkg/build/CMakeFiles/CMakeTmp

Run Build Command:"/home/demo/.nix-profile/bin/make" "cmTC_d9ede/fast"
/home/demo/.nix-profile/bin/make -f CMakeFiles/cmTC_d9ede.dir/build.make CMakeFiles/cmTC_d9ede.dir/build
make[1]: Entering directory '/home/demo/hackaton/services-pkg/build/CMakeFiles/CMakeTmp'
Building C object CMakeFiles/cmTC_d9ede.dir/feature_tests.c.o
/nix/store/4r5kszyy0iirc5agfah45lvz7mnnsrb4-gcc-wrapper-7.3.0/bin/cc   -std=c99 -o CMakeFiles/cmTC_d9ede.dir/feature_tests.c.o   -c /home/demo/hackaton/services-pkg/build/CMakeFiles/feature_tests.c
Linking C executable cmTC_d9ede
/nix/store/pw831glmj7p4n8kkdvrcbmfxks5gwndp-cmake-3.10.2/bin/cmake -E cmake_link_script CMakeFiles/cmTC_d9ede.dir/link.txt --verbose=1
/nix/store/4r5kszyy0iirc5agfah45lvz7mnnsrb4-gcc-wrapper-7.3.0/bin/cc      -rdynamic CMakeFiles/cmTC_d9ede.dir/feature_tests.c.o  -o cmTC_d9ede 
make[1]: Leaving directory '/home/demo/hackaton/services-pkg/build/CMakeFiles/CMakeTmp'


    Feature record: C_FEATURE:1c_function_prototypes
    Feature record: C_FEATURE:1c_restrict
    Feature record: C_FEATURE:0c_static_assert
    Feature record: C_FEATURE:1c_variadic_macros


Detecting C [-std=c90] compiler features compiled with the following output:
Change Dir: /home/demo/hackaton/services-pkg/build/CMakeFiles/CMakeTmp

Run Build Command:"/home/demo/.nix-profile/bin/make" "cmTC_62560/fast"
/home/demo/.nix-profile/bin/make -f CMakeFiles/cmTC_62560.dir/build.make CMakeFiles/cmTC_62560.dir/build
make[1]: Entering directory '/home/demo/hackaton/services-pkg/build/CMakeFiles/CMakeTmp'
Building C object CMakeFiles/cmTC_62560.dir/feature_tests.c.o
/nix/store/4r5kszyy0iirc5agfah45lvz7mnnsrb4-gcc-wrapper-7.3.0/bin/cc   -std=c90 -o CMakeFiles/cmTC_62560.dir/feature_tests.c.o   -c /home/demo/hackaton/services-pkg/build/CMakeFiles/feature_tests.c
Linking C executable cmTC_62560
/nix/store/pw831glmj7p4n8kkdvrcbmfxks5gwndp-cmake-3.10.2/bin/cmake -E cmake_link_script CMakeFiles/cmTC_62560.dir/link.txt --verbose=1
/nix/store/4r5kszyy0iirc5agfah45lvz7mnnsrb4-gcc-wrapper-7.3.0/bin/cc      -rdynamic CMakeFiles/cmTC_62560.dir/feature_tests.c.o  -o cmTC_62560 
make[1]: Leaving directory '/home/demo/hackaton/services-pkg/build/CMakeFiles/CMakeTmp'


    Feature record: C_FEATURE:1c_function_prototypes
    Feature record: C_FEATURE:0c_restrict
    Feature record: C_FEATURE:0c_static_assert
    Feature record: C_FEATURE:0c_variadic_macros
Determining if the CXX compiler works passed with the following output:
Change Dir: /home/demo/hackaton/services-pkg/build/CMakeFiles/CMakeTmp

Run Build Command:"/home/demo/.nix-profile/bin/make" "cmTC_ba346/fast"
/home/demo/.nix-profile/bin/make -f CMakeFiles/cmTC_ba346.dir/build.make CMakeFiles/cmTC_ba346.dir/build
make[1]: Entering directory '/home/demo/hackaton/services-pkg/build/CMakeFiles/CMakeTmp'
Building CXX object CMakeFiles/cmTC_ba346.dir/testCXXCompiler.cxx.o
/nix/store/4r5kszyy0iirc5agfah45lvz7mnnsrb4-gcc-wrapper-7.3.0/bin/c++     -o CMakeFiles/cmTC_ba346.dir/testCXXCompiler.cxx.o -c /home/demo/hackaton/services-pkg/build/CMakeFiles/CMakeTmp/testCXXCompiler.cxx
Linking CXX executable cmTC_ba346
/nix/store/pw831glmj7p4n8kkdvrcbmfxks5gwndp-cmake-3.10.2/bin/cmake -E cmake_link_script CMakeFiles/cmTC_ba346.dir/link.txt --verbose=1
/nix/store/4r5kszyy0iirc5agfah45lvz7mnnsrb4-gcc-wrapper-7.3.0/bin/c++       -rdynamic CMakeFiles/cmTC_ba346.dir/testCXXCompiler.cxx.o  -o cmTC_ba346 
make[1]: Leaving directory '/home/demo/hackaton/services-pkg/build/CMakeFiles/CMakeTmp'


Detecting CXX compiler ABI info compiled with the following output:
Change Dir: /home/demo/hackaton/services-pkg/build/CMakeFiles/CMakeTmp

Run Build Command:"/home/demo/.nix-profile/bin/make" "cmTC_7751d/fast"
/home/demo/.nix-profile/bin/make -f CMakeFiles/cmTC_7751d.dir/build.make CMakeFiles/cmTC_7751d.dir/build
make[1]: Entering directory '/home/demo/hackaton/services-pkg/build/CMakeFiles/CMakeTmp'
Building CXX object CMakeFiles/cmTC_7751d.dir/CMakeCXXCompilerABI.cpp.o
/nix/store/4r5kszyy0iirc5agfah45lvz7mnnsrb4-gcc-wrapper-7.3.0/bin/c++     -o CMakeFiles/cmTC_7751d.dir/CMakeCXXCompilerABI.cpp.o -c /nix/store/pw831glmj7p4n8kkdvrcbmfxks5gwndp-cmake-3.10.2/share/cmake-3.10/Modules/CMakeCXXCompilerABI.cpp
Linking CXX executable cmTC_7751d
/nix/store/pw831glmj7p4n8kkdvrcbmfxks5gwndp-cmake-3.10.2/bin/cmake -E cmake_link_script CMakeFiles/cmTC_7751d.dir/link.txt --verbose=1
/nix/store/4r5kszyy0iirc5agfah45lvz7mnnsrb4-gcc-wrapper-7.3.0/bin/c++      -v -rdynamic CMakeFiles/cmTC_7751d.dir/CMakeCXXCompilerABI.cpp.o  -o cmTC_7751d 
Using built-in specs.
COLLECT_GCC=/nix/store/cm5znbhvylrh702hhsy9hnad7wk3v7xv-gcc-7.3.0/bin/g++
COLLECT_LTO_WRAPPER=/nix/store/cm5znbhvylrh702hhsy9hnad7wk3v7xv-gcc-7.3.0/libexec/gcc/x86_64-unknown-linux-gnu/7.3.0/lto-wrapper
Target: x86_64-unknown-linux-gnu
Configured with: 
Thread model: posix
gcc version 7.3.0 (GCC) 
COMPILER_PATH=/nix/store/qc84dvliy1dzpidw10yvpi3di5f0q4vj-gcc-7.3.0-lib/lib/:/nix/store/84h2zni7h805k0i1ys2bba3dsp1cqnhh-glibc-2.26-131/lib/:/nix/store/4r5kszyy0iirc5agfah45lvz7mnnsrb4-gcc-wrapper-7.3.0/bin/:/nix/store/cm5znbhvylrh702hhsy9hnad7wk3v7xv-gcc-7.3.0/libexec/gcc/x86_64-unknown-linux-gnu/7.3.0/:/nix/store/cm5znbhvylrh702hhsy9hnad7wk3v7xv-gcc-7.3.0/libexec/gcc/x86_64-unknown-linux-gnu/7.3.0/:/nix/store/cm5znbhvylrh702hhsy9hnad7wk3v7xv-gcc-7.3.0/libexec/gcc/x86_64-unknown-linux-gnu/:/nix/store/cm5znbhvylrh702hhsy9hnad7wk3v7xv-gcc-7.3.0/lib/gcc/x86_64-unknown-linux-gnu/7.3.0/:/nix/store/cm5znbhvylrh702hhsy9hnad7wk3v7xv-gcc-7.3.0/lib/gcc/x86_64-unknown-linux-gnu/
LIBRARY_PATH=/nix/store/qc84dvliy1dzpidw10yvpi3di5f0q4vj-gcc-7.3.0-lib/lib/:/nix/store/84h2zni7h805k0i1ys2bba3dsp1cqnhh-glibc-2.26-131/lib/:/nix/store/4r5kszyy0iirc5agfah45lvz7mnnsrb4-gcc-wrapper-7.3.0/bin/:/nix/store/cm5znbhvylrh702hhsy9hnad7wk3v7xv-gcc-7.3.0/lib/gcc/x86_64-unknown-linux-gnu/7.3.0/:/nix/store/cm5znbhvylrh702hhsy9hnad7wk3v7xv-gcc-7.3.0/lib/gcc/x86_64-unknown-linux-gnu/7.3.0/../../../../lib64/:/nix/store/cm5znbhvylrh702hhsy9hnad7wk3v7xv-gcc-7.3.0/lib/gcc/x86_64-unknown-linux-gnu/7.3.0/../../../
COLLECT_GCC_OPTIONS='-v' '-rdynamic' '-o' 'cmTC_7751d' '-B' '/nix/store/qc84dvliy1dzpidw10yvpi3di5f0q4vj-gcc-7.3.0-lib/lib' '-B' '/nix/store/84h2zni7h805k0i1ys2bba3dsp1cqnhh-glibc-2.26-131/lib/' '-idirafter' '/nix/store/fn2x7v3bs305xl55ynj698mjc0yfn1lh-glibc-2.26-131-dev/include' '-idirafter' '/nix/store/cm5znbhvylrh702hhsy9hnad7wk3v7xv-gcc-7.3.0/lib/gcc/x86_64-unknown-linux-gnu/7.3.0/include-fixed' '-B' '/nix/store/4r5kszyy0iirc5agfah45lvz7mnnsrb4-gcc-wrapper-7.3.0/bin/' '-O2' '-D' '_FORTIFY_SOURCE=2' '-fstack-protector-strong' '--param' 'ssp-buffer-size=4' '-fPIC' '-fno-strict-overflow' '-Wformat=1' '-Wformat-security' '-Werror=format-security' '-L/nix/store/84h2zni7h805k0i1ys2bba3dsp1cqnhh-glibc-2.26-131/lib' '-L/nix/store/qc84dvliy1dzpidw10yvpi3di5f0q4vj-gcc-7.3.0-lib/lib' '-shared-libgcc' '-mtune=generic' '-march=x86-64'
 /nix/store/cm5znbhvylrh702hhsy9hnad7wk3v7xv-gcc-7.3.0/libexec/gcc/x86_64-unknown-linux-gnu/7.3.0/collect2 -plugin /nix/store/cm5znbhvylrh702hhsy9hnad7wk3v7xv-gcc-7.3.0/libexec/gcc/x86_64-unknown-linux-gnu/7.3.0/liblto_plugin.so -plugin-opt=/nix/store/cm5znbhvylrh702hhsy9hnad7wk3v7xv-gcc-7.3.0/libexec/gcc/x86_64-unknown-linux-gnu/7.3.0/lto-wrapper -plugin-opt=-fresolution=/tmp/cca5Mbcm.res -plugin-opt=-pass-through=-lgcc_s -plugin-opt=-pass-through=-lgcc -plugin-opt=-pass-through=-lc -plugin-opt=-pass-through=-lgcc_s -plugin-opt=-pass-through=-lgcc --eh-frame-hdr -m elf_x86_64 -export-dynamic -dynamic-linker /nix/store/84h2zni7h805k0i1ys2bba3dsp1cqnhh-glibc-2.26-131/lib64/ld-linux-x86-64.so.2 -o cmTC_7751d /nix/store/84h2zni7h805k0i1ys2bba3dsp1cqnhh-glibc-2.26-131/lib/crt1.o /nix/store/84h2zni7h805k0i1ys2bba3dsp1cqnhh-glibc-2.26-131/lib/crti.o /nix/store/cm5znbhvylrh702hhsy9hnad7wk3v7xv-gcc-7.3.0/lib/gcc/x86_64-unknown-linux-gnu/7.3.0/crtbegin.o -L/nix/store/84h2zni7h805k0i1ys2bba3dsp1cqnhh-glibc-2.26-131/lib -L/nix/store/qc84dvliy1dzpidw10yvpi3di5f0q4vj-gcc-7.3.0-lib/lib -L/nix/store/qc84dvliy1dzpidw10yvpi3di5f0q4vj-gcc-7.3.0-lib/lib -L/nix/store/84h2zni7h805k0i1ys2bba3dsp1cqnhh-glibc-2.26-131/lib -L/nix/store/4r5kszyy0iirc5agfah45lvz7mnnsrb4-gcc-wrapper-7.3.0/bin -L/nix/store/cm5znbhvylrh702hhsy9hnad7wk3v7xv-gcc-7.3.0/lib/gcc/x86_64-unknown-linux-gnu/7.3.0 -L/nix/store/cm5znbhvylrh702hhsy9hnad7wk3v7xv-gcc-7.3.0/lib/gcc/x86_64-unknown-linux-gnu/7.3.0/../../../../lib64 -L/nix/store/cm5znbhvylrh702hhsy9hnad7wk3v7xv-gcc-7.3.0/lib/gcc/x86_64-unknown-linux-gnu/7.3.0/../../.. -dynamic-linker /nix/store/84h2zni7h805k0i1ys2bba3dsp1cqnhh-glibc-2.26-131/lib/ld-linux-x86-64.so.2 CMakeFiles/cmTC_7751d.dir/CMakeCXXCompilerABI.cpp.o -lstdc++ -lm -lgcc_s -lgcc -lc -lgcc_s -lgcc /nix/store/cm5znbhvylrh702hhsy9hnad7wk3v7xv-gcc-7.3.0/lib/gcc/x86_64-unknown-linux-gnu/7.3.0/crtend.o /nix/store/84h2zni7h805k0i1ys2bba3dsp1cqnhh-glibc-2.26-131/lib/crtn.o
COLLECT_GCC_OPTIONS='-v' '-rdynamic' '-o' 'cmTC_7751d' '-B' '/nix/store/qc84dvliy1dzpidw10yvpi3di5f0q4vj-gcc-7.3.0-lib/lib' '-B' '/nix/store/84h2zni7h805k0i1ys2bba3dsp1cqnhh-glibc-2.26-131/lib/' '-idirafter' '/nix/store/fn2x7v3bs305xl55ynj698mjc0yfn1lh-glibc-2.26-131-dev/include' '-idirafter' '/nix/store/cm5znbhvylrh702hhsy9hnad7wk3v7xv-gcc-7.3.0/lib/gcc/x86_64-unknown-linux-gnu/7.3.0/include-fixed' '-B' '/nix/store/4r5kszyy0iirc5agfah45lvz7mnnsrb4-gcc-wrapper-7.3.0/bin/' '-O2' '-D' '_FORTIFY_SOURCE=2' '-fstack-protector-strong' '--param' 'ssp-buffer-size=4' '-fPIC' '-fno-strict-overflow' '-Wformat=1' '-Wformat-security' '-Werror=format-security' '-L/nix/store/84h2zni7h805k0i1ys2bba3dsp1cqnhh-glibc-2.26-131/lib' '-L/nix/store/qc84dvliy1dzpidw10yvpi3di5f0q4vj-gcc-7.3.0-lib/lib' '-shared-libgcc' '-mtune=generic' '-march=x86-64'
make[1]: Leaving directory '/home/demo/hackaton/services-pkg/build/CMakeFiles/CMakeTmp'


Parsed CXX implicit link information from above output:
  link line regex: [^( *|.*[/\])(ld|CMAKE_LINK_STARTFILE-NOTFOUND|([^/\]+-)?ld|collect2)[^/\]*( |$)]
  ignore line: [Change Dir: /home/demo/hackaton/services-pkg/build/CMakeFiles/CMakeTmp]
  ignore line: []
  ignore line: [Run Build Command:"/home/demo/.nix-profile/bin/make" "cmTC_7751d/fast"]
  ignore line: [/home/demo/.nix-profile/bin/make -f CMakeFiles/cmTC_7751d.dir/build.make CMakeFiles/cmTC_7751d.dir/build]
  ignore line: [make[1]: Entering directory '/home/demo/hackaton/services-pkg/build/CMakeFiles/CMakeTmp']
  ignore line: [Building CXX object CMakeFiles/cmTC_7751d.dir/CMakeCXXCompilerABI.cpp.o]
  ignore line: [/nix/store/4r5kszyy0iirc5agfah45lvz7mnnsrb4-gcc-wrapper-7.3.0/bin/c++     -o CMakeFiles/cmTC_7751d.dir/CMakeCXXCompilerABI.cpp.o -c /nix/store/pw831glmj7p4n8kkdvrcbmfxks5gwndp-cmake-3.10.2/share/cmake-3.10/Modules/CMakeCXXCompilerABI.cpp]
  ignore line: [Linking CXX executable cmTC_7751d]
  ignore line: [/nix/store/pw831glmj7p4n8kkdvrcbmfxks5gwndp-cmake-3.10.2/bin/cmake -E cmake_link_script CMakeFiles/cmTC_7751d.dir/link.txt --verbose=1]
  ignore line: [/nix/store/4r5kszyy0iirc5agfah45lvz7mnnsrb4-gcc-wrapper-7.3.0/bin/c++      -v -rdynamic CMakeFiles/cmTC_7751d.dir/CMakeCXXCompilerABI.cpp.o  -o cmTC_7751d ]
  ignore line: [Using built-in specs.]
  ignore line: [COLLECT_GCC=/nix/store/cm5znbhvylrh702hhsy9hnad7wk3v7xv-gcc-7.3.0/bin/g++]
  ignore line: [COLLECT_LTO_WRAPPER=/nix/store/cm5znbhvylrh702hhsy9hnad7wk3v7xv-gcc-7.3.0/libexec/gcc/x86_64-unknown-linux-gnu/7.3.0/lto-wrapper]
  ignore line: [Target: x86_64-unknown-linux-gnu]
  ignore line: [Configured with: ]
  ignore line: [Thread model: posix]
  ignore line: [gcc version 7.3.0 (GCC) ]
  ignore line: [COMPILER_PATH=/nix/store/qc84dvliy1dzpidw10yvpi3di5f0q4vj-gcc-7.3.0-lib/lib/:/nix/store/84h2zni7h805k0i1ys2bba3dsp1cqnhh-glibc-2.26-131/lib/:/nix/store/4r5kszyy0iirc5agfah45lvz7mnnsrb4-gcc-wrapper-7.3.0/bin/:/nix/store/cm5znbhvylrh702hhsy9hnad7wk3v7xv-gcc-7.3.0/libexec/gcc/x86_64-unknown-linux-gnu/7.3.0/:/nix/store/cm5znbhvylrh702hhsy9hnad7wk3v7xv-gcc-7.3.0/libexec/gcc/x86_64-unknown-linux-gnu/7.3.0/:/nix/store/cm5znbhvylrh702hhsy9hnad7wk3v7xv-gcc-7.3.0/libexec/gcc/x86_64-unknown-linux-gnu/:/nix/store/cm5znbhvylrh702hhsy9hnad7wk3v7xv-gcc-7.3.0/lib/gcc/x86_64-unknown-linux-gnu/7.3.0/:/nix/store/cm5znbhvylrh702hhsy9hnad7wk3v7xv-gcc-7.3.0/lib/gcc/x86_64-unknown-linux-gnu/]
  ignore line: [LIBRARY_PATH=/nix/store/qc84dvliy1dzpidw10yvpi3di5f0q4vj-gcc-7.3.0-lib/lib/:/nix/store/84h2zni7h805k0i1ys2bba3dsp1cqnhh-glibc-2.26-131/lib/:/nix/store/4r5kszyy0iirc5agfah45lvz7mnnsrb4-gcc-wrapper-7.3.0/bin/:/nix/store/cm5znbhvylrh702hhsy9hnad7wk3v7xv-gcc-7.3.0/lib/gcc/x86_64-unknown-linux-gnu/7.3.0/:/nix/store/cm5znbhvylrh702hhsy9hnad7wk3v7xv-gcc-7.3.0/lib/gcc/x86_64-unknown-linux-gnu/7.3.0/../../../../lib64/:/nix/store/cm5znbhvylrh702hhsy9hnad7wk3v7xv-gcc-7.3.0/lib/gcc/x86_64-unknown-linux-gnu/7.3.0/../../../]
  ignore line: [COLLECT_GCC_OPTIONS='-v' '-rdynamic' '-o' 'cmTC_7751d' '-B' '/nix/store/qc84dvliy1dzpidw10yvpi3di5f0q4vj-gcc-7.3.0-lib/lib' '-B' '/nix/store/84h2zni7h805k0i1ys2bba3dsp1cqnhh-glibc-2.26-131/lib/' '-idirafter' '/nix/store/fn2x7v3bs305xl55ynj698mjc0yfn1lh-glibc-2.26-131-dev/include' '-idirafter' '/nix/store/cm5znbhvylrh702hhsy9hnad7wk3v7xv-gcc-7.3.0/lib/gcc/x86_64-unknown-linux-gnu/7.3.0/include-fixed' '-B' '/nix/store/4r5kszyy0iirc5agfah45lvz7mnnsrb4-gcc-wrapper-7.3.0/bin/' '-O2' '-D' '_FORTIFY_SOURCE=2' '-fstack-protector-strong' '--param' 'ssp-buffer-size=4' '-fPIC' '-fno-strict-overflow' '-Wformat=1' '-Wformat-security' '-Werror=format-security' '-L/nix/store/84h2zni7h805k0i1ys2bba3dsp1cqnhh-glibc-2.26-131/lib' '-L/nix/store/qc84dvliy1dzpidw10yvpi3di5f0q4vj-gcc-7.3.0-lib/lib' '-shared-libgcc' '-mtune=generic' '-march=x86-64']
  link line: [ /nix/store/cm5znbhvylrh702hhsy9hnad7wk3v7xv-gcc-7.3.0/libexec/gcc/x86_64-unknown-linux-gnu/7.3.0/collect2 -plugin /nix/store/cm5znbhvylrh702hhsy9hnad7wk3v7xv-gcc-7.3.0/libexec/gcc/x86_64-unknown-linux-gnu/7.3.0/liblto_plugin.so -plugin-opt=/nix/store/cm5znbhvylrh702hhsy9hnad7wk3v7xv-gcc-7.3.0/libexec/gcc/x86_64-unknown-linux-gnu/7.3.0/lto-wrapper -plugin-opt=-fresolution=/tmp/cca5Mbcm.res -plugin-opt=-pass-through=-lgcc_s -plugin-opt=-pass-through=-lgcc -plugin-opt=-pass-through=-lc -plugin-opt=-pass-through=-lgcc_s -plugin-opt=-pass-through=-lgcc --eh-frame-hdr -m elf_x86_64 -export-dynamic -dynamic-linker /nix/store/84h2zni7h805k0i1ys2bba3dsp1cqnhh-glibc-2.26-131/lib64/ld-linux-x86-64.so.2 -o cmTC_7751d /nix/store/84h2zni7h805k0i1ys2bba3dsp1cqnhh-glibc-2.26-131/lib/crt1.o /nix/store/84h2zni7h805k0i1ys2bba3dsp1cqnhh-glibc-2.26-131/lib/crti.o /nix/store/cm5znbhvylrh702hhsy9hnad7wk3v7xv-gcc-7.3.0/lib/gcc/x86_64-unknown-linux-gnu/7.3.0/crtbegin.o -L/nix/store/84h2zni7h805k0i1ys2bba3dsp1cqnhh-glibc-2.26-131/lib -L/nix/store/qc84dvliy1dzpidw10yvpi3di5f0q4vj-gcc-7.3.0-lib/lib -L/nix/store/qc84dvliy1dzpidw10yvpi3di5f0q4vj-gcc-7.3.0-lib/lib -L/nix/store/84h2zni7h805k0i1ys2bba3dsp1cqnhh-glibc-2.26-131/lib -L/nix/store/4r5kszyy0iirc5agfah45lvz7mnnsrb4-gcc-wrapper-7.3.0/bin -L/nix/store/cm5znbhvylrh702hhsy9hnad7wk3v7xv-gcc-7.3.0/lib/gcc/x86_64-unknown-linux-gnu/7.3.0 -L/nix/store/cm5znbhvylrh702hhsy9hnad7wk3v7xv-gcc-7.3.0/lib/gcc/x86_64-unknown-linux-gnu/7.3.0/../../../../lib64 -L/nix/store/cm5znbhvylrh702hhsy9hnad7wk3v7xv-gcc-7.3.0/lib/gcc/x86_64-unknown-linux-gnu/7.3.0/../../.. -dynamic-linker /nix/store/84h2zni7h805k0i1ys2bba3dsp1cqnhh-glibc-2.26-131/lib/ld-linux-x86-64.so.2 CMakeFiles/cmTC_7751d.dir/CMakeCXXCompilerABI.cpp.o -lstdc++ -lm -lgcc_s -lgcc -lc -lgcc_s -lgcc /nix/store/cm5znbhvylrh702hhsy9hnad7wk3v7xv-gcc-7.3.0/lib/gcc/x86_64-unknown-linux-gnu/7.3.0/crtend.o /nix/store/84h2zni7h805k0i1ys2bba3dsp1cqnhh-glibc-2.26-131/lib/crtn.o]
    arg [/nix/store/cm5znbhvylrh702hhsy9hnad7wk3v7xv-gcc-7.3.0/libexec/gcc/x86_64-unknown-linux-gnu/7.3.0/collect2] ==> ignore
    arg [-plugin] ==> ignore
    arg [/nix/store/cm5znbhvylrh702hhsy9hnad7wk3v7xv-gcc-7.3.0/libexec/gcc/x86_64-unknown-linux-gnu/7.3.0/liblto_plugin.so] ==> ignore
    arg [-plugin-opt=/nix/store/cm5znbhvylrh702hhsy9hnad7wk3v7xv-gcc-7.3.0/libexec/gcc/x86_64-unknown-linux-gnu/7.3.0/lto-wrapper] ==> ignore
    arg [-plugin-opt=-fresolution=/tmp/cca5Mbcm.res] ==> ignore
    arg [-plugin-opt=-pass-through=-lgcc_s] ==> ignore
    arg [-plugin-opt=-pass-through=-lgcc] ==> ignore
    arg [-plugin-opt=-pass-through=-lc] ==> ignore
    arg [-plugin-opt=-pass-through=-lgcc_s] ==> ignore
    arg [-plugin-opt=-pass-through=-lgcc] ==> ignore
    arg [--eh-frame-hdr] ==> ignore
    arg [-m] ==> ignore
    arg [elf_x86_64] ==> ignore
    arg [-export-dynamic] ==> ignore
    arg [-dynamic-linker] ==> ignore
    arg [/nix/store/84h2zni7h805k0i1ys2bba3dsp1cqnhh-glibc-2.26-131/lib64/ld-linux-x86-64.so.2] ==> ignore
    arg [-o] ==> ignore
    arg [cmTC_7751d] ==> ignore
    arg [/nix/store/84h2zni7h805k0i1ys2bba3dsp1cqnhh-glibc-2.26-131/lib/crt1.o] ==> ignore
    arg [/nix/store/84h2zni7h805k0i1ys2bba3dsp1cqnhh-glibc-2.26-131/lib/crti.o] ==> ignore
    arg [/nix/store/cm5znbhvylrh702hhsy9hnad7wk3v7xv-gcc-7.3.0/lib/gcc/x86_64-unknown-linux-gnu/7.3.0/crtbegin.o] ==> ignore
    arg [-L/nix/store/84h2zni7h805k0i1ys2bba3dsp1cqnhh-glibc-2.26-131/lib] ==> dir [/nix/store/84h2zni7h805k0i1ys2bba3dsp1cqnhh-glibc-2.26-131/lib]
    arg [-L/nix/store/qc84dvliy1dzpidw10yvpi3di5f0q4vj-gcc-7.3.0-lib/lib] ==> dir [/nix/store/qc84dvliy1dzpidw10yvpi3di5f0q4vj-gcc-7.3.0-lib/lib]
    arg [-L/nix/store/qc84dvliy1dzpidw10yvpi3di5f0q4vj-gcc-7.3.0-lib/lib] ==> dir [/nix/store/qc84dvliy1dzpidw10yvpi3di5f0q4vj-gcc-7.3.0-lib/lib]
    arg [-L/nix/store/84h2zni7h805k0i1ys2bba3dsp1cqnhh-glibc-2.26-131/lib] ==> dir [/nix/store/84h2zni7h805k0i1ys2bba3dsp1cqnhh-glibc-2.26-131/lib]
    arg [-L/nix/store/4r5kszyy0iirc5agfah45lvz7mnnsrb4-gcc-wrapper-7.3.0/bin] ==> dir [/nix/store/4r5kszyy0iirc5agfah45lvz7mnnsrb4-gcc-wrapper-7.3.0/bin]
    arg [-L/nix/store/cm5znbhvylrh702hhsy9hnad7wk3v7xv-gcc-7.3.0/lib/gcc/x86_64-unknown-linux-gnu/7.3.0] ==> dir [/nix/store/cm5znbhvylrh702hhsy9hnad7wk3v7xv-gcc-7.3.0/lib/gcc/x86_64-unknown-linux-gnu/7.3.0]
    arg [-L/nix/store/cm5znbhvylrh702hhsy9hnad7wk3v7xv-gcc-7.3.0/lib/gcc/x86_64-unknown-linux-gnu/7.3.0/../../../../lib64] ==> dir [/nix/store/cm5znbhvylrh702hhsy9hnad7wk3v7xv-gcc-7.3.0/lib/gcc/x86_64-unknown-linux-gnu/7.3.0/../../../../lib64]
    arg [-L/nix/store/cm5znbhvylrh702hhsy9hnad7wk3v7xv-gcc-7.3.0/lib/gcc/x86_64-unknown-linux-gnu/7.3.0/../../..] ==> dir [/nix/store/cm5znbhvylrh702hhsy9hnad7wk3v7xv-gcc-7.3.0/lib/gcc/x86_64-unknown-linux-gnu/7.3.0/../../..]
    arg [-dynamic-linker] ==> ignore
    arg [/nix/store/84h2zni7h805k0i1ys2bba3dsp1cqnhh-glibc-2.26-131/lib/ld-linux-x86-64.so.2] ==> ignore
    arg [CMakeFiles/cmTC_7751d.dir/CMakeCXXCompilerABI.cpp.o] ==> ignore
    arg [-lstdc++] ==> lib [stdc++]
    arg [-lm] ==> lib [m]
    arg [-lgcc_s] ==> lib [gcc_s]
    arg [-lgcc] ==> lib [gcc]
    arg [-lc] ==> lib [c]
    arg [-lgcc_s] ==> lib [gcc_s]
    arg [-lgcc] ==> lib [gcc]
    arg [/nix/store/cm5znbhvylrh702hhsy9hnad7wk3v7xv-gcc-7.3.0/lib/gcc/x86_64-unknown-linux-gnu/7.3.0/crtend.o] ==> ignore
    arg [/nix/store/84h2zni7h805k0i1ys2bba3dsp1cqnhh-glibc-2.26-131/lib/crtn.o] ==> ignore
  collapse library dir [/nix/store/84h2zni7h805k0i1ys2bba3dsp1cqnhh-glibc-2.26-131/lib] ==> [/nix/store/84h2zni7h805k0i1ys2bba3dsp1cqnhh-glibc-2.26-131/lib]
  collapse library dir [/nix/store/qc84dvliy1dzpidw10yvpi3di5f0q4vj-gcc-7.3.0-lib/lib] ==> [/nix/store/qc84dvliy1dzpidw10yvpi3di5f0q4vj-gcc-7.3.0-lib/lib]
  collapse library dir [/nix/store/qc84dvliy1dzpidw10yvpi3di5f0q4vj-gcc-7.3.0-lib/lib] ==> [/nix/store/qc84dvliy1dzpidw10yvpi3di5f0q4vj-gcc-7.3.0-lib/lib]
  collapse library dir [/nix/store/84h2zni7h805k0i1ys2bba3dsp1cqnhh-glibc-2.26-131/lib] ==> [/nix/store/84h2zni7h805k0i1ys2bba3dsp1cqnhh-glibc-2.26-131/lib]
  collapse library dir [/nix/store/4r5kszyy0iirc5agfah45lvz7mnnsrb4-gcc-wrapper-7.3.0/bin] ==> [/nix/store/4r5kszyy0iirc5agfah45lvz7mnnsrb4-gcc-wrapper-7.3.0/bin]
  collapse library dir [/nix/store/cm5znbhvylrh702hhsy9hnad7wk3v7xv-gcc-7.3.0/lib/gcc/x86_64-unknown-linux-gnu/7.3.0] ==> [/nix/store/cm5znbhvylrh702hhsy9hnad7wk3v7xv-gcc-7.3.0/lib/gcc/x86_64-unknown-linux-gnu/7.3.0]
  collapse library dir [/nix/store/cm5znbhvylrh702hhsy9hnad7wk3v7xv-gcc-7.3.0/lib/gcc/x86_64-unknown-linux-gnu/7.3.0/../../../../lib64] ==> [/nix/store/cm5znbhvylrh702hhsy9hnad7wk3v7xv-gcc-7.3.0/lib64]
  collapse library dir [/nix/store/cm5znbhvylrh702hhsy9hnad7wk3v7xv-gcc-7.3.0/lib/gcc/x86_64-unknown-linux-gnu/7.3.0/../../..] ==> [/nix/store/cm5znbhvylrh702hhsy9hnad7wk3v7xv-gcc-7.3.0/lib]
  implicit libs: [stdc++;m;gcc_s;gcc;c;gcc_s;gcc]
  implicit dirs: [/nix/store/84h2zni7h805k0i1ys2bba3dsp1cqnhh-glibc-2.26-131/lib;/nix/store/qc84dvliy1dzpidw10yvpi3di5f0q4vj-gcc-7.3.0-lib/lib;/nix/store/4r5kszyy0iirc5agfah45lvz7mnnsrb4-gcc-wrapper-7.3.0/bin;/nix/store/cm5znbhvylrh702hhsy9hnad7wk3v7xv-gcc-7.3.0/lib/gcc/x86_64-unknown-linux-gnu/7.3.0;/nix/store/cm5znbhvylrh702hhsy9hnad7wk3v7xv-gcc-7.3.0/lib64;/nix/store/cm5znbhvylrh702hhsy9hnad7wk3v7xv-gcc-7.3.0/lib]
  implicit fwks: []




Detecting CXX [-std=c++1z] compiler features compiled with the following output:
Change Dir: /home/demo/hackaton/services-pkg/build/CMakeFiles/CMakeTmp

Run Build Command:"/home/demo/.nix-profile/bin/make" "cmTC_0b556/fast"
/home/demo/.nix-profile/bin/make -f CMakeFiles/cmTC_0b556.dir/build.make CMakeFiles/cmTC_0b556.dir/build
make[1]: Entering directory '/home/demo/hackaton/services-pkg/build/CMakeFiles/CMakeTmp'
Building CXX object CMakeFiles/cmTC_0b556.dir/feature_tests.cxx.o
/nix/store/4r5kszyy0iirc5agfah45lvz7mnnsrb4-gcc-wrapper-7.3.0/bin/c++    -std=c++1z -o CMakeFiles/cmTC_0b556.dir/feature_tests.cxx.o -c /home/demo/hackaton/services-pkg/build/CMakeFiles/feature_tests.cxx
Linking CXX executable cmTC_0b556
/nix/store/pw831glmj7p4n8kkdvrcbmfxks5gwndp-cmake-3.10.2/bin/cmake -E cmake_link_script CMakeFiles/cmTC_0b556.dir/link.txt --verbose=1
/nix/store/4r5kszyy0iirc5agfah45lvz7mnnsrb4-gcc-wrapper-7.3.0/bin/c++       -rdynamic CMakeFiles/cmTC_0b556.dir/feature_tests.cxx.o  -o cmTC_0b556 
make[1]: Leaving directory '/home/demo/hackaton/services-pkg/build/CMakeFiles/CMakeTmp'


    Feature record: CXX_FEATURE:1cxx_aggregate_default_initializers
    Feature record: CXX_FEATURE:1cxx_alias_templates
    Feature record: CXX_FEATURE:1cxx_alignas
    Feature record: CXX_FEATURE:1cxx_alignof
    Feature record: CXX_FEATURE:1cxx_attributes
    Feature record: CXX_FEATURE:1cxx_attribute_deprecated
    Feature record: CXX_FEATURE:1cxx_auto_type
    Feature record: CXX_FEATURE:1cxx_binary_literals
    Feature record: CXX_FEATURE:1cxx_constexpr
    Feature record: CXX_FEATURE:1cxx_contextual_conversions
    Feature record: CXX_FEATURE:1cxx_decltype
    Feature record: CXX_FEATURE:1cxx_decltype_auto
    Feature record: CXX_FEATURE:1cxx_decltype_incomplete_return_types
    Feature record: CXX_FEATURE:1cxx_default_function_template_args
    Feature record: CXX_FEATURE:1cxx_defaulted_functions
    Feature record: CXX_FEATURE:1cxx_defaulted_move_initializers
    Feature record: CXX_FEATURE:1cxx_delegating_constructors
    Feature record: CXX_FEATURE:1cxx_deleted_functions
    Feature record: CXX_FEATURE:1cxx_digit_separators
    Feature record: CXX_FEATURE:1cxx_enum_forward_declarations
    Feature record: CXX_FEATURE:1cxx_explicit_conversions
    Feature record: CXX_FEATURE:1cxx_extended_friend_declarations
    Feature record: CXX_FEATURE:1cxx_extern_templates
    Feature record: CXX_FEATURE:1cxx_final
    Feature record: CXX_FEATURE:1cxx_func_identifier
    Feature record: CXX_FEATURE:1cxx_generalized_initializers
    Feature record: CXX_FEATURE:1cxx_generic_lambdas
    Feature record: CXX_FEATURE:1cxx_inheriting_constructors
    Feature record: CXX_FEATURE:1cxx_inline_namespaces
    Feature record: CXX_FEATURE:1cxx_lambdas
    Feature record: CXX_FEATURE:1cxx_lambda_init_captures
    Feature record: CXX_FEATURE:1cxx_local_type_template_args
    Feature record: CXX_FEATURE:1cxx_long_long_type
    Feature record: CXX_FEATURE:1cxx_noexcept
    Feature record: CXX_FEATURE:1cxx_nonstatic_member_init
    Feature record: CXX_FEATURE:1cxx_nullptr
    Feature record: CXX_FEATURE:1cxx_override
    Feature record: CXX_FEATURE:1cxx_range_for
    Feature record: CXX_FEATURE:1cxx_raw_string_literals
    Feature record: CXX_FEATURE:1cxx_reference_qualified_functions
    Feature record: CXX_FEATURE:1cxx_relaxed_constexpr
    Feature record: CXX_FEATURE:1cxx_return_type_deduction
    Feature record: CXX_FEATURE:1cxx_right_angle_brackets
    Feature record: CXX_FEATURE:1cxx_rvalue_references
    Feature record: CXX_FEATURE:1cxx_sizeof_member
    Feature record: CXX_FEATURE:1cxx_static_assert
    Feature record: CXX_FEATURE:1cxx_strong_enums
    Feature record: CXX_FEATURE:1cxx_template_template_parameters
    Feature record: CXX_FEATURE:1cxx_thread_local
    Feature record: CXX_FEATURE:1cxx_trailing_return_types
    Feature record: CXX_FEATURE:1cxx_unicode_literals
    Feature record: CXX_FEATURE:1cxx_uniform_initialization
    Feature record: CXX_FEATURE:1cxx_unrestricted_unions
    Feature record: CXX_FEATURE:1cxx_user_literals
    Feature record: CXX_FEATURE:1cxx_variable_templates
    Feature record: CXX_FEATURE:1cxx_variadic_macros
    Feature record: CXX_FEATURE:1cxx_variadic_templates


Detecting CXX [-std=c++14] compiler features compiled with the following output:
Change Dir: /home/demo/hackaton/services-pkg/build/CMakeFiles/CMakeTmp

Run Build Command:"/home/demo/.nix-profile/bin/make" "cmTC_5fbec/fast"
/home/demo/.nix-profile/bin/make -f CMakeFiles/cmTC_5fbec.dir/build.make CMakeFiles/cmTC_5fbec.dir/build
make[1]: Entering directory '/home/demo/hackaton/services-pkg/build/CMakeFiles/CMakeTmp'
Building CXX object CMakeFiles/cmTC_5fbec.dir/feature_tests.cxx.o
/nix/store/4r5kszyy0iirc5agfah45lvz7mnnsrb4-gcc-wrapper-7.3.0/bin/c++    -std=c++14 -o CMakeFiles/cmTC_5fbec.dir/feature_tests.cxx.o -c /home/demo/hackaton/services-pkg/build/CMakeFiles/feature_tests.cxx
Linking CXX executable cmTC_5fbec
/nix/store/pw831glmj7p4n8kkdvrcbmfxks5gwndp-cmake-3.10.2/bin/cmake -E cmake_link_script CMakeFiles/cmTC_5fbec.dir/link.txt --verbose=1
/nix/store/4r5kszyy0iirc5agfah45lvz7mnnsrb4-gcc-wrapper-7.3.0/bin/c++       -rdynamic CMakeFiles/cmTC_5fbec.dir/feature_tests.cxx.o  -o cmTC_5fbec 
make[1]: Leaving directory '/home/demo/hackaton/services-pkg/build/CMakeFiles/CMakeTmp'


    Feature record: CXX_FEATURE:1cxx_aggregate_default_initializers
    Feature record: CXX_FEATURE:1cxx_alias_templates
    Feature record: CXX_FEATURE:1cxx_alignas
    Feature record: CXX_FEATURE:1cxx_alignof
    Feature record: CXX_FEATURE:1cxx_attributes
    Feature record: CXX_FEATURE:1cxx_attribute_deprecated
    Feature record: CXX_FEATURE:1cxx_auto_type
    Feature record: CXX_FEATURE:1cxx_binary_literals
    Feature record: CXX_FEATURE:1cxx_constexpr
    Feature record: CXX_FEATURE:1cxx_contextual_conversions
    Feature record: CXX_FEATURE:1cxx_decltype
    Feature record: CXX_FEATURE:1cxx_decltype_auto
    Feature record: CXX_FEATURE:1cxx_decltype_incomplete_return_types
    Feature record: CXX_FEATURE:1cxx_default_function_template_args
    Feature record: CXX_FEATURE:1cxx_defaulted_functions
    Feature record: CXX_FEATURE:1cxx_defaulted_move_initializers
    Feature record: CXX_FEATURE:1cxx_delegating_constructors
    Feature record: CXX_FEATURE:1cxx_deleted_functions
    Feature record: CXX_FEATURE:1cxx_digit_separators
    Feature record: CXX_FEATURE:1cxx_enum_forward_declarations
    Feature record: CXX_FEATURE:1cxx_explicit_conversions
    Feature record: CXX_FEATURE:1cxx_extended_friend_declarations
    Feature record: CXX_FEATURE:1cxx_extern_templates
    Feature record: CXX_FEATURE:1cxx_final
    Feature record: CXX_FEATURE:1cxx_func_identifier
    Feature record: CXX_FEATURE:1cxx_generalized_initializers
    Feature record: CXX_FEATURE:1cxx_generic_lambdas
    Feature record: CXX_FEATURE:1cxx_inheriting_constructors
    Feature record: CXX_FEATURE:1cxx_inline_namespaces
    Feature record: CXX_FEATURE:1cxx_lambdas
    Feature record: CXX_FEATURE:1cxx_lambda_init_captures
    Feature record: CXX_FEATURE:1cxx_local_type_template_args
    Feature record: CXX_FEATURE:1cxx_long_long_type
    Feature record: CXX_FEATURE:1cxx_noexcept
    Feature record: CXX_FEATURE:1cxx_nonstatic_member_init
    Feature record: CXX_FEATURE:1cxx_nullptr
    Feature record: CXX_FEATURE:1cxx_override
    Feature record: CXX_FEATURE:1cxx_range_for
    Feature record: CXX_FEATURE:1cxx_raw_string_literals
    Feature record: CXX_FEATURE:1cxx_reference_qualified_functions
    Feature record: CXX_FEATURE:1cxx_relaxed_constexpr
    Feature record: CXX_FEATURE:1cxx_return_type_deduction
    Feature record: CXX_FEATURE:1cxx_right_angle_brackets
    Feature record: CXX_FEATURE:1cxx_rvalue_references
    Feature record: CXX_FEATURE:1cxx_sizeof_member
    Feature record: CXX_FEATURE:1cxx_static_assert
    Feature record: CXX_FEATURE:1cxx_strong_enums
    Feature record: CXX_FEATURE:1cxx_template_template_parameters
    Feature record: CXX_FEATURE:1cxx_thread_local
    Feature record: CXX_FEATURE:1cxx_trailing_return_types
    Feature record: CXX_FEATURE:1cxx_unicode_literals
    Feature record: CXX_FEATURE:1cxx_uniform_initialization
    Feature record: CXX_FEATURE:1cxx_unrestricted_unions
    Feature record: CXX_FEATURE:1cxx_user_literals
    Feature record: CXX_FEATURE:1cxx_variable_templates
    Feature record: CXX_FEATURE:1cxx_variadic_macros
    Feature record: CXX_FEATURE:1cxx_variadic_templates


Detecting CXX [-std=c++11] compiler features compiled with the following output:
Change Dir: /home/demo/hackaton/services-pkg/build/CMakeFiles/CMakeTmp

Run Build Command:"/home/demo/.nix-profile/bin/make" "cmTC_4f3a5/fast"
/home/demo/.nix-profile/bin/make -f CMakeFiles/cmTC_4f3a5.dir/build.make CMakeFiles/cmTC_4f3a5.dir/build
make[1]: Entering directory '/home/demo/hackaton/services-pkg/build/CMakeFiles/CMakeTmp'
Building CXX object CMakeFiles/cmTC_4f3a5.dir/feature_tests.cxx.o
/nix/store/4r5kszyy0iirc5agfah45lvz7mnnsrb4-gcc-wrapper-7.3.0/bin/c++    -std=c++11 -o CMakeFiles/cmTC_4f3a5.dir/feature_tests.cxx.o -c /home/demo/hackaton/services-pkg/build/CMakeFiles/feature_tests.cxx
Linking CXX executable cmTC_4f3a5
/nix/store/pw831glmj7p4n8kkdvrcbmfxks5gwndp-cmake-3.10.2/bin/cmake -E cmake_link_script CMakeFiles/cmTC_4f3a5.dir/link.txt --verbose=1
/nix/store/4r5kszyy0iirc5agfah45lvz7mnnsrb4-gcc-wrapper-7.3.0/bin/c++       -rdynamic CMakeFiles/cmTC_4f3a5.dir/feature_tests.cxx.o  -o cmTC_4f3a5 
make[1]: Leaving directory '/home/demo/hackaton/services-pkg/build/CMakeFiles/CMakeTmp'


    Feature record: CXX_FEATURE:0cxx_aggregate_default_initializers
    Feature record: CXX_FEATURE:1cxx_alias_templates
    Feature record: CXX_FEATURE:1cxx_alignas
    Feature record: CXX_FEATURE:1cxx_alignof
    Feature record: CXX_FEATURE:1cxx_attributes
    Feature record: CXX_FEATURE:0cxx_attribute_deprecated
    Feature record: CXX_FEATURE:1cxx_auto_type
    Feature record: CXX_FEATURE:0cxx_binary_literals
    Feature record: CXX_FEATURE:1cxx_constexpr
    Feature record: CXX_FEATURE:0cxx_contextual_conversions
    Feature record: CXX_FEATURE:1cxx_decltype
    Feature record: CXX_FEATURE:0cxx_decltype_auto
    Feature record: CXX_FEATURE:1cxx_decltype_incomplete_return_types
    Feature record: CXX_FEATURE:1cxx_default_function_template_args
    Feature record: CXX_FEATURE:1cxx_defaulted_functions
    Feature record: CXX_FEATURE:1cxx_defaulted_move_initializers
    Feature record: CXX_FEATURE:1cxx_delegating_constructors
    Feature record: CXX_FEATURE:1cxx_deleted_functions
    Feature record: CXX_FEATURE:0cxx_digit_separators
    Feature record: CXX_FEATURE:1cxx_enum_forward_declarations
    Feature record: CXX_FEATURE:1cxx_explicit_conversions
    Feature record: CXX_FEATURE:1cxx_extended_friend_declarations
    Feature record: CXX_FEATURE:1cxx_extern_templates
    Feature record: CXX_FEATURE:1cxx_final
    Feature record: CXX_FEATURE:1cxx_func_identifier
    Feature record: CXX_FEATURE:1cxx_generalized_initializers
    Feature record: CXX_FEATURE:0cxx_generic_lambdas
    Feature record: CXX_FEATURE:1cxx_inheriting_constructors
    Feature record: CXX_FEATURE:1cxx_inline_namespaces
    Feature record: CXX_FEATURE:1cxx_lambdas
    Feature record: CXX_FEATURE:0cxx_lambda_init_captures
    Feature record: CXX_FEATURE:1cxx_local_type_template_args
    Feature record: CXX_FEATURE:1cxx_long_long_type
    Feature record: CXX_FEATURE:1cxx_noexcept
    Feature record: CXX_FEATURE:1cxx_nonstatic_member_init
    Feature record: CXX_FEATURE:1cxx_nullptr
    Feature record: CXX_FEATURE:1cxx_override
    Feature record: CXX_FEATURE:1cxx_range_for
    Feature record: CXX_FEATURE:1cxx_raw_string_literals
    Feature record: CXX_FEATURE:1cxx_reference_qualified_functions
    Feature record: CXX_FEATURE:0cxx_relaxed_constexpr
    Feature record: CXX_FEATURE:0cxx_return_type_deduction
    Feature record: CXX_FEATURE:1cxx_right_angle_brackets
    Feature record: CXX_FEATURE:1cxx_rvalue_references
    Feature record: CXX_FEATURE:1cxx_sizeof_member
    Feature record: CXX_FEATURE:1cxx_static_assert
    Feature record: CXX_FEATURE:1cxx_strong_enums
    Feature record: CXX_FEATURE:1cxx_template_template_parameters
    Feature record: CXX_FEATURE:1cxx_thread_local
    Feature record: CXX_FEATURE:1cxx_trailing_return_types
    Feature record: CXX_FEATURE:1cxx_unicode_literals
    Feature record: CXX_FEATURE:1cxx_uniform_initialization
    Feature record: CXX_FEATURE:1cxx_unrestricted_unions
    Feature record: CXX_FEATURE:1cxx_user_literals
    Feature record: CXX_FEATURE:0cxx_variable_templates
    Feature record: CXX_FEATURE:1cxx_variadic_macros
    Feature record: CXX_FEATURE:1cxx_variadic_templates


Detecting CXX [-std=c++98] compiler features compiled with the following output:
Change Dir: /home/demo/hackaton/services-pkg/build/CMakeFiles/CMakeTmp

Run Build Command:"/home/demo/.nix-profile/bin/make" "cmTC_fb0ca/fast"
/home/demo/.nix-profile/bin/make -f CMakeFiles/cmTC_fb0ca.dir/build.make CMakeFiles/cmTC_fb0ca.dir/build
make[1]: Entering directory '/home/demo/hackaton/services-pkg/build/CMakeFiles/CMakeTmp'
Building CXX object CMakeFiles/cmTC_fb0ca.dir/feature_tests.cxx.o
/nix/store/4r5kszyy0iirc5agfah45lvz7mnnsrb4-gcc-wrapper-7.3.0/bin/c++    -std=c++98 -o CMakeFiles/cmTC_fb0ca.dir/feature_tests.cxx.o -c /home/demo/hackaton/services-pkg/build/CMakeFiles/feature_tests.cxx
Linking CXX executable cmTC_fb0ca
/nix/store/pw831glmj7p4n8kkdvrcbmfxks5gwndp-cmake-3.10.2/bin/cmake -E cmake_link_script CMakeFiles/cmTC_fb0ca.dir/link.txt --verbose=1
/nix/store/4r5kszyy0iirc5agfah45lvz7mnnsrb4-gcc-wrapper-7.3.0/bin/c++       -rdynamic CMakeFiles/cmTC_fb0ca.dir/feature_tests.cxx.o  -o cmTC_fb0ca 
make[1]: Leaving directory '/home/demo/hackaton/services-pkg/build/CMakeFiles/CMakeTmp'


    Feature record: CXX_FEATURE:0cxx_aggregate_default_initializers
    Feature record: CXX_FEATURE:0cxx_alias_templates
    Feature record: CXX_FEATURE:0cxx_alignas
    Feature record: CXX_FEATURE:0cxx_alignof
    Feature record: CXX_FEATURE:0cxx_attributes
    Feature record: CXX_FEATURE:0cxx_attribute_deprecated
    Feature record: CXX_FEATURE:0cxx_auto_type
    Feature record: CXX_FEATURE:0cxx_binary_literals
    Feature record: CXX_FEATURE:0cxx_constexpr
    Feature record: CXX_FEATURE:0cxx_contextual_conversions
    Feature record: CXX_FEATURE:0cxx_decltype
    Feature record: CXX_FEATURE:0cxx_decltype_auto
    Feature record: CXX_FEATURE:0cxx_decltype_incomplete_return_types
    Feature record: CXX_FEATURE:0cxx_default_function_template_args
    Feature record: CXX_FEATURE:0cxx_defaulted_functions
    Feature record: CXX_FEATURE:0cxx_defaulted_move_initializers
    Feature record: CXX_FEATURE:0cxx_delegating_constructors
    Feature record: CXX_FEATURE:0cxx_deleted_functions
    Feature record: CXX_FEATURE:0cxx_digit_separators
    Feature record: CXX_FEATURE:0cxx_enum_forward_declarations
    Feature record: CXX_FEATURE:0cxx_explicit_conversions
    Feature record: CXX_FEATURE:0cxx_extended_friend_declarations
    Feature record: CXX_FEATURE:0cxx_extern_templates
    Feature record: CXX_FEATURE:0cxx_final
    Feature record: CXX_FEATURE:0cxx_func_identifier
    Feature record: CXX_FEATURE:0cxx_generalized_initializers
    Feature record: CXX_FEATURE:0cxx_generic_lambdas
    Feature record: CXX_FEATURE:0cxx_inheriting_constructors
    Feature record: CXX_FEATURE:0cxx_inline_namespaces
    Feature record: CXX_FEATURE:0cxx_lambdas
    Feature record: CXX_FEATURE:0cxx_lambda_init_captures
    Feature record: CXX_FEATURE:0cxx_local_type_template_args
    Feature record: CXX_FEATURE:0cxx_long_long_type
    Feature record: CXX_FEATURE:0cxx_noexcept
    Feature record: CXX_FEATURE:0cxx_nonstatic_member_init
    Feature record: CXX_FEATURE:0cxx_nullptr
    Feature record: CXX_FEATURE:0cxx_override
    Feature record: CXX_FEATURE:0cxx_range_for
    Feature record: CXX_FEATURE:0cxx_raw_string_literals
    Feature record: CXX_FEATURE:0cxx_reference_qualified_functions
    Feature record: CXX_FEATURE:0cxx_relaxed_constexpr
    Feature record: CXX_FEATURE:0cxx_return_type_deduction
    Feature record: CXX_FEATURE:0cxx_right_angle_brackets
    Feature record: CXX_FEATURE:0cxx_rvalue_references
    Feature record: CXX_FEATURE:0cxx_sizeof_member
    Feature record: CXX_FEATURE:0cxx_static_assert
    Feature record: CXX_FEATURE:0cxx_strong_enums
    Feature record: CXX_FEATURE:1cxx_template_template_parameters
    Feature record: CXX_FEATURE:0cxx_thread_local
    Feature record: CXX_FEATURE:0cxx_trailing_return_types
    Feature record: CXX_FEATURE:0cxx_unicode_literals
    Feature record: CXX_FEATURE:0cxx_uniform_initialization
    Feature record: CXX_FEATURE:0cxx_unrestricted_unions
    Feature record: CXX_FEATURE:0cxx_user_literals
    Feature record: CXX_FEATURE:0cxx_variable_templates
    Feature record: CXX_FEATURE:0cxx_variadic_macros
    Feature record: CXX_FEATURE:0cxx_variadic_templates
